<?xml version="1.0" encoding="UTF-8"?>
<testng-results skipped="0" failed="0" ignored="0" total="1" passed="1">
  <reporter-output>
  </reporter-output>
  <suite name="Default suite" duration-ms="11342" started-at="2018-09-18T02:28:10Z" finished-at="2018-09-18T02:28:21Z">
    <groups>
    </groups>
    <test name="Default test" duration-ms="11342" started-at="2018-09-18T02:28:10Z" finished-at="2018-09-18T02:28:21Z">
      <class name="edu.practise.packagename.Trial3">
        <test-method status="PASS" signature="alertdemo()[pri:0, instance:edu.practise.packagename.Trial3@589838eb]" name="alertdemo" duration-ms="11318" started-at="2018-09-18T07:58:10Z" finished-at="2018-09-18T07:58:21Z">
          <reporter-output>
          </reporter-output>
        </test-method> <!-- alertdemo -->
      </class> <!-- edu.practise.packagename.Trial3 -->
    </test> <!-- Default test -->
  </suite> <!-- Default suite -->
</testng-results>
